2023-04-18 20:44:44 INFO  Log:14 - ***********************
2023-04-18 20:44:44 INFO  Log:15 - ***********************
2023-04-18 20:44:44 INFO  Log:16 - *******This is the beginning of the test case********
2023-04-18 20:44:44 INFO  Log:24 - The test case is executing right now
2023-04-18 20:44:44 INFO  Log:28 - The test case might have some trivial issues
2023-04-18 20:44:54 INFO  Log:24 - This test case is about to get completed
2023-04-18 20:44:54 INFO  Log:19 - #########################
2023-04-18 20:44:54 INFO  Log:20 - #########################
2023-04-18 20:44:54 INFO  Log:21 - ############This test case is finished#############
2023-04-18 20:44:57 INFO  Log:14 - ***********************
2023-04-18 20:44:57 INFO  Log:15 - ***********************
2023-04-18 20:44:57 INFO  Log:16 - *******This is the beginning of the test case********
2023-04-18 20:44:57 INFO  Log:24 - The test case is executing right now
2023-04-18 20:44:57 INFO  Log:28 - The test case might have some trivial issues
2023-04-18 20:45:14 INFO  Log:24 - This test case is about to get completed
2023-04-18 20:45:14 INFO  Log:19 - #########################
2023-04-18 20:45:14 INFO  Log:20 - #########################
2023-04-18 20:45:14 INFO  Log:21 - ############This test case is finished#############
2023-04-18 20:45:47 INFO  Log:14 - ***********************
2023-04-18 20:45:47 INFO  Log:15 - ***********************
2023-04-18 20:45:47 INFO  Log:16 - *******This is the beginning of the test case********
2023-04-18 20:45:47 INFO  Log:24 - The test case is executing right now
2023-04-18 20:45:47 INFO  Log:28 - The test case might have some trivial issues
2023-04-18 20:46:49 INFO  Log:24 - This test case is about to get completed
2023-04-18 20:46:49 INFO  Log:19 - #########################
2023-04-18 20:46:49 INFO  Log:20 - #########################
2023-04-18 20:46:49 INFO  Log:21 - ############This test case is finished#############
2023-04-18 20:47:23 INFO  Log:14 - ***********************
2023-04-18 20:47:23 INFO  Log:15 - ***********************
2023-04-18 20:47:23 INFO  Log:16 - *******This is the beginning of the test case********
2023-04-18 20:47:23 INFO  Log:24 - The test case is executing right now
2023-04-18 20:47:23 INFO  Log:28 - The test case might have some trivial issues
2023-04-18 20:47:36 INFO  Log:24 - This test case is about to get completed
2023-04-18 20:47:36 INFO  Log:19 - #########################
2023-04-18 20:47:36 INFO  Log:20 - #########################
2023-04-18 20:47:36 INFO  Log:21 - ############This test case is finished#############
2023-04-18 21:48:31 INFO  Log:14 - ***********************
2023-04-18 21:48:31 INFO  Log:15 - ***********************
2023-04-18 21:48:31 INFO  Log:16 - *******This is the beginning of the test case********
2023-04-18 21:48:31 INFO  Log:24 - The test case is executing right now
2023-04-18 21:48:31 INFO  Log:28 - The test case might have some trivial issues
2023-04-18 21:48:38 INFO  Log:24 - This test case is about to get completed
2023-04-18 21:48:38 INFO  Log:19 - #########################
2023-04-18 21:48:38 INFO  Log:20 - #########################
2023-04-18 21:48:38 INFO  Log:21 - ############This test case is finished#############
2023-04-18 21:48:41 INFO  Log:14 - ***********************
2023-04-18 21:48:41 INFO  Log:15 - ***********************
2023-04-18 21:48:41 INFO  Log:16 - *******This is the beginning of the test case********
2023-04-18 21:48:41 INFO  Log:24 - The test case is executing right now
2023-04-18 21:48:41 INFO  Log:28 - The test case might have some trivial issues
2023-04-18 21:48:47 INFO  Log:24 - This test case is about to get completed
2023-04-18 21:48:47 INFO  Log:19 - #########################
2023-04-18 21:48:47 INFO  Log:20 - #########################
2023-04-18 21:48:47 INFO  Log:21 - ############This test case is finished#############
2023-04-18 21:48:50 INFO  Log:14 - ***********************
2023-04-18 21:48:50 INFO  Log:15 - ***********************
2023-04-18 21:48:50 INFO  Log:16 - *******This is the beginning of the test case********
2023-04-18 21:48:50 INFO  Log:24 - The test case is executing right now
2023-04-18 21:48:50 INFO  Log:28 - The test case might have some trivial issues
2023-04-18 21:49:00 INFO  Log:24 - This test case is about to get completed
2023-04-18 21:49:00 INFO  Log:19 - #########################
2023-04-18 21:49:00 INFO  Log:20 - #########################
2023-04-18 21:49:00 INFO  Log:21 - ############This test case is finished#############
2023-04-18 21:49:02 INFO  Log:14 - ***********************
2023-04-18 21:49:02 INFO  Log:15 - ***********************
2023-04-18 21:49:02 INFO  Log:16 - *******This is the beginning of the test case********
2023-04-18 21:49:02 INFO  Log:24 - The test case is executing right now
2023-04-18 21:49:02 INFO  Log:28 - The test case might have some trivial issues
2023-04-18 21:49:04 INFO  Log:24 - This test case is about to get completed
2023-04-18 21:49:04 INFO  Log:19 - #########################
2023-04-18 21:49:04 INFO  Log:20 - #########################
2023-04-18 21:49:04 INFO  Log:21 - ############This test case is finished#############
2023-04-18 21:56:10 INFO  Log:14 - ***********************
2023-04-18 21:56:10 INFO  Log:15 - ***********************
2023-04-18 21:56:10 INFO  Log:16 - *******This is the beginning of the test case********
2023-04-18 21:56:10 INFO  Log:24 - The test case is executing right now
2023-04-18 21:56:10 INFO  Log:28 - The test case might have some trivial issues
2023-04-18 21:56:25 INFO  Log:24 - This test case is about to get completed
2023-04-18 21:56:25 INFO  Log:19 - #########################
2023-04-18 21:56:25 INFO  Log:20 - #########################
2023-04-18 21:56:25 INFO  Log:21 - ############This test case is finished#############
2023-04-18 21:56:29 INFO  Log:14 - ***********************
2023-04-18 21:56:29 INFO  Log:15 - ***********************
2023-04-18 21:56:29 INFO  Log:16 - *******This is the beginning of the test case********
2023-04-18 21:56:29 INFO  Log:24 - The test case is executing right now
2023-04-18 21:56:29 INFO  Log:28 - The test case might have some trivial issues
2023-04-18 21:56:36 INFO  Log:24 - This test case is about to get completed
2023-04-18 21:56:36 INFO  Log:19 - #########################
2023-04-18 21:56:36 INFO  Log:20 - #########################
2023-04-18 21:56:36 INFO  Log:21 - ############This test case is finished#############
2023-04-18 21:56:38 INFO  Log:14 - ***********************
2023-04-18 21:56:38 INFO  Log:15 - ***********************
2023-04-18 21:56:38 INFO  Log:16 - *******This is the beginning of the test case********
2023-04-18 21:56:38 INFO  Log:24 - The test case is executing right now
2023-04-18 21:56:38 INFO  Log:28 - The test case might have some trivial issues
2023-04-18 21:56:48 INFO  Log:24 - This test case is about to get completed
2023-04-18 21:56:48 INFO  Log:19 - #########################
2023-04-18 21:56:48 INFO  Log:20 - #########################
2023-04-18 21:56:48 INFO  Log:21 - ############This test case is finished#############
2023-04-18 21:56:50 INFO  Log:14 - ***********************
2023-04-18 21:56:50 INFO  Log:15 - ***********************
2023-04-18 21:56:50 INFO  Log:16 - *******This is the beginning of the test case********
2023-04-18 21:56:50 INFO  Log:24 - The test case is executing right now
2023-04-18 21:56:50 INFO  Log:28 - The test case might have some trivial issues
2023-04-18 21:56:52 INFO  Log:24 - This test case is about to get completed
2023-04-18 21:56:52 INFO  Log:19 - #########################
2023-04-18 21:56:52 INFO  Log:20 - #########################
2023-04-18 21:56:52 INFO  Log:21 - ############This test case is finished#############
2023-04-27 17:51:31 INFO  Log:14 - ***********************
2023-04-27 17:51:31 INFO  Log:15 - ***********************
2023-04-27 17:51:31 INFO  Log:16 - *******This is the beginning of the test case********
2023-04-27 17:51:31 INFO  Log:24 - The test case is executing right now
2023-04-27 17:51:31 INFO  Log:28 - The test case might have some trivial issues
2023-04-27 17:51:38 INFO  Log:24 - This test case is about to get completed
2023-04-27 17:51:38 INFO  Log:19 - #########################
2023-04-27 17:51:38 INFO  Log:20 - #########################
2023-04-27 17:51:38 INFO  Log:21 - ############This test case is finished#############
2023-04-27 17:51:40 INFO  Log:14 - ***********************
2023-04-27 17:51:40 INFO  Log:15 - ***********************
2023-04-27 17:51:40 INFO  Log:16 - *******This is the beginning of the test case********
2023-04-27 17:51:40 INFO  Log:24 - The test case is executing right now
2023-04-27 17:51:40 INFO  Log:28 - The test case might have some trivial issues
2023-04-27 17:51:46 INFO  Log:24 - This test case is about to get completed
2023-04-27 17:51:46 INFO  Log:19 - #########################
2023-04-27 17:51:46 INFO  Log:20 - #########################
2023-04-27 17:51:46 INFO  Log:21 - ############This test case is finished#############
2023-04-27 17:51:48 INFO  Log:14 - ***********************
2023-04-27 17:51:48 INFO  Log:15 - ***********************
2023-04-27 17:51:48 INFO  Log:16 - *******This is the beginning of the test case********
2023-04-27 17:51:48 INFO  Log:24 - The test case is executing right now
2023-04-27 17:51:48 INFO  Log:28 - The test case might have some trivial issues
2023-04-27 17:51:58 INFO  Log:24 - This test case is about to get completed
2023-04-27 17:51:58 INFO  Log:19 - #########################
2023-04-27 17:51:58 INFO  Log:20 - #########################
2023-04-27 17:51:58 INFO  Log:21 - ############This test case is finished#############
2023-04-27 17:52:00 INFO  Log:14 - ***********************
2023-04-27 17:52:00 INFO  Log:15 - ***********************
2023-04-27 17:52:00 INFO  Log:16 - *******This is the beginning of the test case********
2023-04-27 17:52:00 INFO  Log:24 - The test case is executing right now
2023-04-27 17:52:00 INFO  Log:28 - The test case might have some trivial issues
2023-04-27 17:52:02 INFO  Log:24 - This test case is about to get completed
2023-04-27 17:52:02 INFO  Log:19 - #########################
2023-04-27 17:52:02 INFO  Log:20 - #########################
2023-04-27 17:52:02 INFO  Log:21 - ############This test case is finished#############
2023-05-09 19:39:07 INFO  Log:14 - ***********************
2023-05-09 19:39:07 INFO  Log:15 - ***********************
2023-05-09 19:39:07 INFO  Log:16 - *******This is the beginning of the test case********
2023-05-09 19:39:07 INFO  Log:24 - The test case is executing right now
2023-05-09 19:39:07 INFO  Log:28 - The test case might have some trivial issues
2023-05-09 19:39:11 INFO  Log:14 - ***********************
2023-05-09 19:39:11 INFO  Log:15 - ***********************
2023-05-09 19:39:11 INFO  Log:16 - *******This is the beginning of the test case********
2023-05-09 19:39:11 INFO  Log:24 - The test case is executing right now
2023-05-09 19:39:11 INFO  Log:28 - The test case might have some trivial issues
2023-05-09 20:27:47 INFO  Log:14 - ***********************
2023-05-09 20:27:47 INFO  Log:15 - ***********************
2023-05-09 20:27:47 INFO  Log:16 - *******This is the beginning of the test case********
2023-05-09 20:27:47 INFO  Log:24 - The test case is executing right now
2023-05-09 20:27:47 INFO  Log:28 - The test case might have some trivial issues
